  ExamUnitTest.cpp
C:\Users\shaki\OneDrive\MyProj_221-3210_Shakirov\ExamUnitTest\ExamUnitTest\ExamUnitTest.cpp(17,17): warning C4244: инициализация: преобразование "time_t" в "int", возможна потеря данных
MSVCRTD.lib(exe_main.obj) : error LNK2019: ссылка на неразрешенный внешний символ main в функции "int __cdecl invoke_main(void)" (?invoke_main@@YAHXZ).
C:\Users\shaki\OneDrive\MyProj_221-3210_Shakirov\ExamUnitTest\x64\Debug\ExamUnitTest.exe : fatal error LNK1120: неразрешенных внешних элементов: 1
